#
# A fatal error has been detected by the Java Runtime Environment:
#
#  EXCEPTION_ACCESS_VIOLATION (0xc0000005) at pc=0x00007fff8c0226c4, pid=5752, tid=3688
#
# JRE version: OpenJDK Runtime Environment (24.0.1+9) (build 24.0.1+9-30)
# Java VM: OpenJDK 64-Bit Server VM (24.0.1+9-30, mixed mode, sharing, tiered, compressed oops, compressed class ptrs, g1 gc, windows-amd64)
# Problematic frame:
# C  [libasyncProfiler.dll+0x926c4]
#
# No core dump will be written. Minidumps are not enabled by default on client versions of Windows
#
# JFR recording file will be written. Location: C:\Users\wendl\IdeaProjects\nossas_receitas\hs_err_pid5752.jfr
#
# If you would like to submit a bug report, please visit:
#   https://bugreport.java.com/bugreport/crash.jsp
# The crash happened outside the Java Virtual Machine in native code.
# See problematic frame for where to report the bug.
#

---------------  S U M M A R Y ------------

Command Line: -javaagent:D:\Program Files\JetBrains\IntelliJ IDEA 2025.1.2\lib\idea_rt.jar=65289 -agentpath:C:\Users\wendl\AppData\Local\Temp\idea_libasyncProfiler_dll_temp_folder\libasyncProfiler.dll=start,jfr,event=wall,interval=10ms,jfrsync=profile,cstack=no,file=C:\Users\wendl\IdeaSnapshots\Main_2025_06_16_203523.jfr,dbghelppath=C:\Users\wendl\AppData\Local\Temp\idea_dbghelp_dll_temp_folder\dbghelp.dll,log=C:\Users\wendl\AppData\Local\Temp\Main_2025_06_16_203523.jfr.log.txt,logLevel=DEBUG -Dfile.encoding=UTF-8 -Dsun.stdout.encoding=UTF-8 -Dsun.stderr.encoding=UTF-8 Main

Host: Intel(R) Core(TM) i5-7500 CPU @ 3.40GHz, 4 cores, 15G,  Windows 10 , 64 bit Build 19041 (10.0.19041.4957)
Time: Mon Jun 16 20:35:24 2025 Hora oficial do Brasil elapsed time: 0.714297 seconds (0d 0h 0m 0s)

---------------  T H R E A D  ---------------

Current thread (0x0000016082f0f630):  JavaThread "main"             [_thread_in_native, id=3688, stack(0x0000004f8d000000,0x0000004f8d100000) (1024K)]

Stack: [0x0000004f8d000000,0x0000004f8d100000],  sp=0x0000004f8d0fe580,  free space=1017k
Native frames: (J=compiled Java code, j=interpreted, Vv=VM code, C=native code)
C  [libasyncProfiler.dll+0x926c4]  (no source info available)
C  [libasyncProfiler.dll+0x92b9b]  (no source info available)
C  [libasyncProfiler.dll+0x917f4]  (no source info available)
C  [libasyncProfiler.dll+0x9206a]  (no source info available)
C  [libasyncProfiler.dll+0x8cc21]  (no source info available)
C  [libasyncProfiler.dll+0x7e5e1]  (no source info available)
C  [libasyncProfiler.dll+0x7d2f8]  (no source info available)
C  [libasyncProfiler.dll+0x7d1e0]  (no source info available)
C  [libasyncProfiler.dll+0x832fc]  (no source info available)
V  [jvm.dll+0x5e38de]  (no source info available)
V  [jvm.dll+0x886056]  (no source info available)
V  [jvm.dll+0x495f3e]  (no source info available)
V  [jvm.dll+0x497d11]  (no source info available)
C  [jli.dll+0x52a1]  (no source info available)
C  [ucrtbase.dll+0x21bb2]  (no source info available)
C  [KERNEL32.DLL+0x17374]  (no source info available)
C  [ntdll.dll+0x4cc91]  (no source info available)


siginfo: EXCEPTION_ACCESS_VIOLATION (0xc0000005), reading address 0xffffffffffffffff


Registers:
RAX=0x0000000000000010, RBX=0x0000000000000000, RCX=0xffffffffffffffff, RDX=0x007fff8a1f300010
RSP=0x0000004f8d0fe580, RBP=0x00000160a2b8ce70, RSI=0x0000004f8d0fe6f0, RDI=0x00000160a2b8ce70
R8 =0x0000000000000042, R9 =0x0000000710a01ed8, R10=0x00007fff8a469fb0, R11=0x0000000000000002
R12=0x0000004f8d0fe6f0, R13=0x0000016080d0d770, R14=0x0000016082f0f9f8, R15=0x0000016082f0f9f8
RIP=0x00007fff8c0226c4, EFLAGS=0x0000000000010202

XMM[0]=0x0000000000000000 0x0000000000000000
XMM[1]=0x0000000000000000 0x0000000000000000
XMM[2]=0x0000000000000000 0x0000000000000000
XMM[3]=0x0000000000000000 0x0000000000000000
XMM[4]=0x0000000000000000 0x0000000000000000
XMM[5]=0x0000000000000000 0x0000000000000000
XMM[6]=0x0000000000000000 0x0000000000000000
XMM[7]=0x0000000000000000 0x0000000000000000
XMM[8]=0x0000000000000000 0x0000000000000000
XMM[9]=0x0000000000000000 0x0000000000000000
XMM[10]=0x0000000000000000 0x0000000000000000
XMM[11]=0x0000000000000000 0x0000000000000000
XMM[12]=0x0000000000000000 0x0000000000000000
XMM[13]=0x0000000000000000 0x0000000000000000
XMM[14]=0x0000000000000000 0x0000000000000000
XMM[15]=0x0000000000000000 0x0000000000000000
  MXCSR=0x00001fa0


Register to memory mapping:

RAX=0x0000000000000010 is an unknown value
RBX=0x0 is null
RCX=0xffffffffffffffff is an unknown value
RDX=0x007fff8a1f300010 is an unknown value
RSP=0x0000004f8d0fe580 is pointing into the stack for thread: 0x0000016082f0f630
RBP=0x00000160a2b8ce70 points into unknown readable memory: 0x0000000710a01ed8 | d8 1e a0 10 07 00 00 00
RSI=0x0000004f8d0fe6f0 is pointing into the stack for thread: 0x0000016082f0f630
RDI=0x00000160a2b8ce70 points into unknown readable memory: 0x0000000710a01ed8 | d8 1e a0 10 07 00 00 00
R8 =0x0000000000000042 is an unknown value
R9 =0x0000000710a01ed8 is an oop: java.lang.Thread 
{0x0000000710a01ed8} - klass: 'java/lang/Thread' - flags: 

 - ---- fields (total size 14 words):
 - 'threadLocalRandomProbe' 'I' @12  0 (0x00000000)
 - private volatile 'eetop' 'J' @16  1514025317936 (0x0000016082f0f630)
 - private final 'tid' 'J' @24  3 (0x0000000000000003)
 - 'threadLocalRandomSeed' 'J' @32  0 (0x0000000000000000)
 - injected 'jvmti_thread_state' 'J' @40  1513988695776 (0x0000016080c226e0)
 - 'threadLocalRandomSecondarySeed' 'I' @48  0 (0x00000000)
 - injected 'jvmti_VTMS_transition_disable_count' 'I' @52  0 (0x00000000)
 - injected 'jfr_epoch' 'S' @56  0 (0x0000)
 - volatile 'interrupted' 'Z' @58  false (0x00)
 - injected 'jvmti_is_in_VTMS_transition' 'Z' @59  false (0x00)
 - private volatile 'name' 'Ljava/lang/String;' @60  "main"{0x0000000710a01f48} (0xe21403e9)
 - private volatile 'contextClassLoader' 'Ljava/lang/ClassLoader;' @64  a 'jdk/internal/loader/ClassLoaders$AppClassLoader'{0x0000000710a17aa0} (0xe2142f54)
 - private final 'holder' 'Ljava/lang/Thread$FieldHolder;' @68  a 'java/lang/Thread$FieldHolder'{0x0000000710a01f88} (0xe21403f1)
 - 'threadLocals' 'Ljava/lang/ThreadLocal$ThreadLocalMap;' @72  a 'java/lang/ThreadLocal$ThreadLocalMap'{0x00000007108a5158} (0xe2114a2b)
 - 'inheritableThreadLocals' 'Ljava/lang/ThreadLocal$ThreadLocalMap;' @76  null (0x00000000)
 - private 'scopedValueBindings' 'Ljava/lang/Object;' @80  a 'java/lang/Class'{0x00000007ffe7c258} = 'java/lang/Thread' (0xfffcf84b)
 - final 'interruptLock' 'Ljava/lang/Object;' @84  a 'java/lang/Object'{0x0000000710a01f78} (0xe21403ef)
 - private volatile 'parkBlocker' 'Ljava/lang/Object;' @88  null (0x00000000)
 - private 'nioBlocker' 'Lsun/nio/ch/Interruptible;' @92  null (0x00000000)
 - private 'cont' 'Ljdk/internal/vm/Continuation;' @96  null (0x00000000)
 - private volatile 'uncaughtExceptionHandler' 'Ljava/lang/Thread$UncaughtExceptionHandler;' @100  null (0x00000000)
 - private 'container' 'Ljdk/internal/vm/ThreadContainer;' @104  null (0x00000000)
 - private volatile 'headStackableScopes' 'Ljdk/internal/vm/StackableScope;' @108  null (0x00000000)
R10=0x00007fff8a469fb0 jvm.dll
R11=0x0000000000000002 is an unknown value
R12=0x0000004f8d0fe6f0 is pointing into the stack for thread: 0x0000016082f0f630
R13=0x0000016080d0d770 points into unknown readable memory: 0x00007fff8a3da510 | 10 a5 3d 8a ff 7f 00 00
R14=0x0000016082f0f9f8 points into unknown readable memory: 0x00007fff8a3d17b0 | b0 17 3d 8a ff 7f 00 00
R15=0x0000016082f0f9f8 points into unknown readable memory: 0x00007fff8a3d17b0 | b0 17 3d 8a ff 7f 00 00

Top of Stack: (sp=0x0000004f8d0fe580)
0x0000004f8d0fe580:   0000004f8d0fe6f0 00000160a2b8ce70   ....O...p...`...
0x0000004f8d0fe590:   0000000000000000 0000016082f0fd80   ............`...
0x0000004f8d0fe5a0:   000000000000001d 00007fff8c022b9b   .........+......
0x0000004f8d0fe5b0:   0000000000000000 0000016082f0f9f8   ............`...
0x0000004f8d0fe5c0:   0000004f8d0fe601 0000000000000000   ....O...........
0x0000004f8d0fe5d0:   00000160e9a62910 00007fff8c0217f4   .)..`...........
0x0000004f8d0fe5e0:   0000000000000000 000000000000001d   ................
0x0000004f8d0fe5f0:   0000000000000000 000000000000001d   ................
0x0000004f8d0fe600:   0000000d00000000 00000160e9bc4af0   .........J..`...
0x0000004f8d0fe610:   00000160e9a62910 00000160e9a62984   .)..`....)..`...
0x0000004f8d0fe620:   00000160e9a629b8 0000004f00003f50   .)..`...P?..O...
0x0000004f8d0fe630:   0000000000000000 0000000000000000   ................
0x0000004f8d0fe640:   0000000000000000 00007fff89c357d4   .........W......
0x0000004f8d0fe650:   00007fff8c164ca0 0000000000001678   .L......x.......
0x0000004f8d0fe660:   00007fff8c164ca0 00000000ffffffff   .L..............
0x0000004f8d0fe670:   0000000000000000 00007fff8c02206a   ........j ......
0x0000004f8d0fe680:   0000016082f0f9f8 0000000000000000   ....`...........
0x0000004f8d0fe690:   0000004f8d0fe6f9 0000016080d0d770   ....O...p...`...
0x0000004f8d0fe6a0:   00000160a2c14040 0000000000000000   @@..`...........
0x0000004f8d0fe6b0:   0000016080ba0000 00007fff8c10f108   ....`...........
0x0000004f8d0fe6c0:   0000016082f0f9f8 00007fff8c164ca0   ....`....L......
0x0000004f8d0fe6d0:   0000000000100000 0000000000001000   ................
0x0000004f8d0fe6e0:   0000004f8d0fe888 0000016082f0f9f8   ....O.......`...
0x0000004f8d0fe6f0:   00000160e9b9c6c0 00000160e9b9ca60   ....`...`...`...
0x0000004f8d0fe700:   00000160e9b9ca60 00007fff8c164ca0   `...`....L......
0x0000004f8d0fe710:   0000004f8d0fe888 0000016080c10000   ....O.......`...
0x0000004f8d0fe720:   0000004f8d0fe9c0 0000000000008840   ....O...@.......
0x0000004f8d0fe730:   00007fff8c157080 00007fff8c164cf0   .p.......L......
0x0000004f8d0fe740:   0000000000989680 0000000000989680   ................
0x0000004f8d0fe750:   0000004f8d0fe860 00007fff8c01cc21   `...O...!.......
0x0000004f8d0fe760:   00007fff8c164ca0 00007fff8c164cf8   .L.......L......
0x0000004f8d0fe770:   00007fff00000000 00007fff00000001   ................

Instructions: (pc=0x00007fff8c0226c4)
  0x00007fff8c0225c4:   cc cc cc cc cc cc cc cc cc cc cc cc cc cc cc cc
  0x00007fff8c0225d4:   cc cc cc cc cc cc cc cc cc cc cc cc cc cc cc cc
  0x00007fff8c0225e4:   cc cc cc cc cc cc cc cc cc cc cc cc cc cc cc cc
  0x00007fff8c0225f4:   cc cc cc cc cc cc cc cc cc cc cc cc cc cc cc cc
  0x00007fff8c022604:   cc cc cc cc cc cc cc cc cc cc cc cc cc cc cc cc
  0x00007fff8c022614:   cc cc cc cc cc cc cc cc cc cc cc cc cc cc cc cc
  0x00007fff8c022624:   cc cc cc cc cc cc cc cc cc cc cc cc cc cc cc cc
  0x00007fff8c022634:   cc cc cc cc cc cc cc cc cc cc cc cc cc cc cc cc
  0x00007fff8c022644:   cc cc cc cc cc cc cc cc cc cc cc cc 40 57 48 83
  0x00007fff8c022654:   ec 20 48 8b f9 48 8b 0d 10 28 14 00 48 85 c9 74
  0x00007fff8c022664:   20 48 8b 01 48 8d 54 24 38 41 b8 06 00 01 00 4c
  0x00007fff8c022674:   8b 48 30 41 ff d1 85 c0 75 07 48 8b 4c 24 38 eb
  0x00007fff8c022684:   02 33 c9 4c 8b 05 ea 28 14 00 48 89 5c 24 30 4d
  0x00007fff8c022694:   85 c0 74 4a 48 8b 01 48 8b d7 4c 8b 88 28 03 00
  0x00007fff8c0226a4:   00 41 ff d1 48 85 c0 74 35 48 63 0d f8 e6 13 00
  0x00007fff8c0226b4:   48 8b 14 01 48 85 d2 74 15 48 63 05 fc e6 13 00
=>0x00007fff8c0226c4:   8b 04 10 48 8b 5c 24 30 48 83 c4 20 5f c3 b8 ff
  0x00007fff8c0226d4:   ff ff ff 48 8b 5c 24 30 48 83 c4 20 5f c3 80 3d
  0x00007fff8c0226e4:   9b 27 14 00 00 bb ff ff ff ff 74 20 4c 8b 0d 31
  0x00007fff8c0226f4:   24 14 00 4c 8d 44 24 38 48 8b 0d 15 24 14 00 48
  0x00007fff8c022704:   8b d7 41 ff d1 85 c0 0f 44 5c 24 38 8b c3 48 8b
  0x00007fff8c022714:   5c 24 30 48 83 c4 20 5f c3 cc cc cc cc cc cc cc
  0x00007fff8c022724:   cc cc cc cc cc cc cc cc cc cc cc cc cc cc cc cc
  0x00007fff8c022734:   cc cc cc cc cc cc cc cc cc cc cc cc cc cc cc cc
  0x00007fff8c022744:   cc cc cc cc cc cc cc cc cc cc cc cc 48 89 54 24
  0x00007fff8c022754:   10 53 55 56 57 41 56 41 57 48 83 ec 28 48 8b f2
  0x00007fff8c022764:   4c 8b f1 48 89 4c 24 78 45 33 ff 44 89 7c 24 68
  0x00007fff8c022774:   c7 44 24 60 01 00 00 00 48 8d 4c 24 68 e8 ed 42
  0x00007fff8c022784:   f7 ff 8b d8 48 8d 4c 24 60 e8 e1 42 f7 ff 8b e8
  0x00007fff8c022794:   49 8b ce e8 00 fc f6 ff 48 8b f8 90 8b c3 f0 0f
  0x00007fff8c0227a4:   b1 2f 74 04 f3 90 eb f4 4c 89 3e 4c 89 7e 08 4c
  0x00007fff8c0227b4:   89 7e 10 49 8b 6e 08 4d 8b 76 10 49 3b ee 0f 84


Stack slot to memory mapping:

stack at sp + 0 slots: 0x0000004f8d0fe6f0 is pointing into the stack for thread: 0x0000016082f0f630
stack at sp + 1 slots: 0x00000160a2b8ce70 points into unknown readable memory: 0x0000000710a01ed8 | d8 1e a0 10 07 00 00 00
stack at sp + 2 slots: 0x0 is null
stack at sp + 3 slots: 0x0000016082f0fd80 points into unknown readable memory: 0x6e616c2e6176616a | 6a 61 76 61 2e 6c 61 6e
stack at sp + 4 slots: 0x000000000000001d is an unknown value
stack at sp + 5 slots: 0x00007fff8c022b9b libasyncProfiler.dll
stack at sp + 6 slots: 0x0 is null
stack at sp + 7 slots: 0x0000016082f0f9f8 points into unknown readable memory: 0x00007fff8a3d17b0 | b0 17 3d 8a ff 7f 00 00

Lock stack of current Java thread (top to bottom):


---------------  P R O C E S S  ---------------

Threads class SMR info:
_java_thread_list=0x00000160e9b1f840, length=18, elements={
0x0000016082f0f630, 0x0000016082c27d50, 0x0000016082c29600, 0x0000016082c2dd50,
0x0000016082c2e490, 0x0000016082c32be0, 0x0000016082c33320, 0x0000016082c33d90,
0x0000016082c36cd0, 0x00000160a2adc180, 0x00000160a2b771a0, 0x00000160a2b93df0,
0x00000160e9958d00, 0x00000160e99966f0, 0x00000160e99bd390, 0x00000160e9b16870,
0x00000160e9b26770, 0x00000160e9aa3cb0
}

Java Threads: ( => current thread )
=>0x0000016082f0f630 JavaThread "main"                              [_thread_in_native, id=3688, stack(0x0000004f8d000000,0x0000004f8d100000) (1024K)]
  0x0000016082c27d50 JavaThread "Reference Handler"          daemon [_thread_blocked, id=15864, stack(0x0000004f8d800000,0x0000004f8d900000) (1024K)]
  0x0000016082c29600 JavaThread "Finalizer"                  daemon [_thread_blocked, id=16184, stack(0x0000004f8d900000,0x0000004f8da00000) (1024K)]
  0x0000016082c2dd50 JavaThread "Signal Dispatcher"          daemon [_thread_blocked, id=5312, stack(0x0000004f8da00000,0x0000004f8db00000) (1024K)]
  0x0000016082c2e490 JavaThread "Attach Listener"            daemon [_thread_blocked, id=8288, stack(0x0000004f8db00000,0x0000004f8dc00000) (1024K)]
  0x0000016082c32be0 JavaThread "Service Thread"             daemon [_thread_blocked, id=2680, stack(0x0000004f8dc00000,0x0000004f8dd00000) (1024K)]
  0x0000016082c33320 JavaThread "Monitor Deflation Thread"   daemon [_thread_blocked, id=14944, stack(0x0000004f8dd00000,0x0000004f8de00000) (1024K)]
  0x0000016082c33d90 JavaThread "C2 CompilerThread0"         daemon [_thread_blocked, id=3616, stack(0x0000004f8de00000,0x0000004f8df00000) (1024K)]
  0x0000016082c36cd0 JavaThread "C1 CompilerThread0"         daemon [_thread_blocked, id=8460, stack(0x0000004f8df00000,0x0000004f8e000000) (1024K)]
  0x00000160a2adc180 JavaThread "Common-Cleaner"             daemon [_thread_blocked, id=16488, stack(0x0000004f8e000000,0x0000004f8e100000) (1024K)]
  0x00000160a2b771a0 JavaThread "Monitor Ctrl-Break"         daemon [_thread_in_native, id=16268, stack(0x0000004f8e100000,0x0000004f8e200000) (1024K)]
  0x00000160a2b93df0 JavaThread "C2 CompilerThread1"         daemon [_thread_blocked, id=10412, stack(0x0000004f8e200000,0x0000004f8e300000) (1024K)]
  0x00000160e9958d00 JavaThread "JFR Recorder Thread"        daemon [_thread_in_native, id=9372, stack(0x0000004f8e300000,0x0000004f8e400000) (1024K)]
  0x00000160e99966f0 JavaThread "RMI TCP Accept-0"           daemon [_thread_in_native, id=15976, stack(0x0000004f8e400000,0x0000004f8e500000) (1024K)]
  0x00000160e99bd390 JavaThread "RMI TCP Connection(1)-192.168.1.10" daemon [_thread_in_native, id=9636, stack(0x0000004f8e500000,0x0000004f8e600000) (1024K)]
  0x00000160e9b16870 JavaThread "RMI Scheduler(0)"           daemon [_thread_blocked, id=10296, stack(0x0000004f8e600000,0x0000004f8e700000) (1024K)]
  0x00000160e9b26770 JavaThread "JMX server connection timeout 29" daemon [_thread_blocked, id=9660, stack(0x0000004f8e700000,0x0000004f8e800000) (1024K)]
  0x00000160e9aa3cb0 JavaThread "JFR Periodic Tasks"         daemon [_thread_blocked, id=16208, stack(0x0000004f8e800000,0x0000004f8e900000) (1024K)]
Total: 18

Other Threads:
  0x0000016082c15460 VMThread "VM Thread"                           [id=14276, stack(0x0000004f8d700000,0x0000004f8d800000) (1024K)]
  0x00000160a28ecb40 WatcherThread "VM Periodic Task Thread"        [id=15488, stack(0x0000004f8d600000,0x0000004f8d700000) (1024K)]
  0x0000016082afe490 WorkerThread "GC Thread#0"                     [id=1840, stack(0x0000004f8d100000,0x0000004f8d200000) (1024K)]
  0x0000016082b136a0 ConcurrentGCThread "G1 Main Marker"            [id=3192, stack(0x0000004f8d200000,0x0000004f8d300000) (1024K)]
  0x0000016082b14c30 WorkerThread "G1 Conc#0"                       [id=13224, stack(0x0000004f8d300000,0x0000004f8d400000) (1024K)]
  0x0000016082bb1050 ConcurrentGCThread "G1 Refine#0"               [id=7992, stack(0x0000004f8d400000,0x0000004f8d500000) (1024K)]
  0x0000016082bb3600 ConcurrentGCThread "G1 Service"                [id=10636, stack(0x0000004f8d500000,0x0000004f8d600000) (1024K)]
Total: 7

Threads with active compile tasks:
Total: 0

VM state: not at safepoint (normal execution)

VM Mutex/Monitor currently owned by a thread: None

Heap address: 0x0000000700c00000, size: 4084 MB, Compressed Oops mode: Zero based, Oop shift amount: 3

CDS archive(s) mapped at: [0x00000160a3000000-0x00000160a3d40000-0x00000160a3d40000), size 13893632, SharedBaseAddress: 0x00000160a3000000, ArchiveRelocationMode: 1.
Compressed class space mapped at: 0x00000160a4000000-0x00000160e4000000, reserved size: 1073741824
UseCompressedClassPointers 1, UseCompactObjectHeaders 0
Narrow klass pointer bits 32, Max shift 3
Narrow klass base: 0x00000160a3000000, Narrow klass shift: 0
Encoding Range: [0x00000160a3000000 - 0x00000161a3000000), (4294967296 bytes)
Klass Range:    [0x00000160a3000000 - 0x00000160e4000000), (1090519040 bytes)
Klass ID Range:  [8 - 1090519033) (1090519025)

GC Precious Log:
 CardTable entry size: 512
 Card Set container configuration: InlinePtr #cards 4 size 8 Array Of Cards #cards 16 size 48 Howl #buckets 8 coarsen threshold 3686 Howl Bitmap #cards 512 size 80 coarsen threshold 460 Card regions per heap region 1 cards per card region 4096
 CPUs: 4 total, 4 available
 Memory: 16333M
 Large Page Support: Disabled
 NUMA Support: Disabled
 Compressed Oops: Enabled (Zero based)
 Heap Region Size: 2M
 Heap Min Capacity: 8M
 Heap Initial Capacity: 256M
 Heap Max Capacity: 4084M
 Pre-touch: Disabled
 Parallel Workers: 4
 Concurrent Workers: 1
 Concurrent Refinement Workers: 4
 Periodic GC: Disabled

Heap:
 garbage-first heap   total reserved 4182016K, committed 264192K, used 27760K [0x0000000700c00000, 0x0000000800000000)
  region size 2048K, 14 young (28672K), 0 survivors (0K)
 Metaspace       used 7711K, committed 7936K, reserved 1114112K
  class space    used 728K, committed 832K, reserved 1048576K

Heap Regions: E=young(eden), S=young(survivor), O=old, HS=humongous(starts), HC=humongous(continues), CS=collection set, F=free, TAMS=top-at-mark-start, PB=parsable bottom
|   0|0x0000000700c00000, 0x0000000700c00000, 0x0000000700e00000|  0%| F|  |TAMS 0x0000000700c00000| PB 0x0000000700c00000| Untracked |  0
|   1|0x0000000700e00000, 0x0000000700e00000, 0x0000000701000000|  0%| F|  |TAMS 0x0000000700e00000| PB 0x0000000700e00000| Untracked |  0
|   2|0x0000000701000000, 0x0000000701000000, 0x0000000701200000|  0%| F|  |TAMS 0x0000000701000000| PB 0x0000000701000000| Untracked |  0
|   3|0x0000000701200000, 0x0000000701200000, 0x0000000701400000|  0%| F|  |TAMS 0x0000000701200000| PB 0x0000000701200000| Untracked |  0
|   4|0x0000000701400000, 0x0000000701400000, 0x0000000701600000|  0%| F|  |TAMS 0x0000000701400000| PB 0x0000000701400000| Untracked |  0
|   5|0x0000000701600000, 0x0000000701600000, 0x0000000701800000|  0%| F|  |TAMS 0x0000000701600000| PB 0x0000000701600000| Untracked |  0
|   6|0x0000000701800000, 0x0000000701800000, 0x0000000701a00000|  0%| F|  |TAMS 0x0000000701800000| PB 0x0000000701800000| Untracked |  0
|   7|0x0000000701a00000, 0x0000000701a00000, 0x0000000701c00000|  0%| F|  |TAMS 0x0000000701a00000| PB 0x0000000701a00000| Untracked |  0
|   8|0x0000000701c00000, 0x0000000701c00000, 0x0000000701e00000|  0%| F|  |TAMS 0x0000000701c00000| PB 0x0000000701c00000| Untracked |  0
|   9|0x0000000701e00000, 0x0000000701e00000, 0x0000000702000000|  0%| F|  |TAMS 0x0000000701e00000| PB 0x0000000701e00000| Untracked |  0
|  10|0x0000000702000000, 0x0000000702000000, 0x0000000702200000|  0%| F|  |TAMS 0x0000000702000000| PB 0x0000000702000000| Untracked |  0
|  11|0x0000000702200000, 0x0000000702200000, 0x0000000702400000|  0%| F|  |TAMS 0x0000000702200000| PB 0x0000000702200000| Untracked |  0
|  12|0x0000000702400000, 0x0000000702400000, 0x0000000702600000|  0%| F|  |TAMS 0x0000000702400000| PB 0x0000000702400000| Untracked |  0
|  13|0x0000000702600000, 0x0000000702600000, 0x0000000702800000|  0%| F|  |TAMS 0x0000000702600000| PB 0x0000000702600000| Untracked |  0
|  14|0x0000000702800000, 0x0000000702800000, 0x0000000702a00000|  0%| F|  |TAMS 0x0000000702800000| PB 0x0000000702800000| Untracked |  0
|  15|0x0000000702a00000, 0x0000000702a00000, 0x0000000702c00000|  0%| F|  |TAMS 0x0000000702a00000| PB 0x0000000702a00000| Untracked |  0
|  16|0x0000000702c00000, 0x0000000702c00000, 0x0000000702e00000|  0%| F|  |TAMS 0x0000000702c00000| PB 0x0000000702c00000| Untracked |  0
|  17|0x0000000702e00000, 0x0000000702e00000, 0x0000000703000000|  0%| F|  |TAMS 0x0000000702e00000| PB 0x0000000702e00000| Untracked |  0
|  18|0x0000000703000000, 0x0000000703000000, 0x0000000703200000|  0%| F|  |TAMS 0x0000000703000000| PB 0x0000000703000000| Untracked |  0
|  19|0x0000000703200000, 0x0000000703200000, 0x0000000703400000|  0%| F|  |TAMS 0x0000000703200000| PB 0x0000000703200000| Untracked |  0
|  20|0x0000000703400000, 0x0000000703400000, 0x0000000703600000|  0%| F|  |TAMS 0x0000000703400000| PB 0x0000000703400000| Untracked |  0
|  21|0x0000000703600000, 0x0000000703600000, 0x0000000703800000|  0%| F|  |TAMS 0x0000000703600000| PB 0x0000000703600000| Untracked |  0
|  22|0x0000000703800000, 0x0000000703800000, 0x0000000703a00000|  0%| F|  |TAMS 0x0000000703800000| PB 0x0000000703800000| Untracked |  0
|  23|0x0000000703a00000, 0x0000000703a00000, 0x0000000703c00000|  0%| F|  |TAMS 0x0000000703a00000| PB 0x0000000703a00000| Untracked |  0
|  24|0x0000000703c00000, 0x0000000703c00000, 0x0000000703e00000|  0%| F|  |TAMS 0x0000000703c00000| PB 0x0000000703c00000| Untracked |  0
|  25|0x0000000703e00000, 0x0000000703e00000, 0x0000000704000000|  0%| F|  |TAMS 0x0000000703e00000| PB 0x0000000703e00000| Untracked |  0
|  26|0x0000000704000000, 0x0000000704000000, 0x0000000704200000|  0%| F|  |TAMS 0x0000000704000000| PB 0x0000000704000000| Untracked |  0
|  27|0x0000000704200000, 0x0000000704200000, 0x0000000704400000|  0%| F|  |TAMS 0x0000000704200000| PB 0x0000000704200000| Untracked |  0
|  28|0x0000000704400000, 0x0000000704400000, 0x0000000704600000|  0%| F|  |TAMS 0x0000000704400000| PB 0x0000000704400000| Untracked |  0
|  29|0x0000000704600000, 0x0000000704600000, 0x0000000704800000|  0%| F|  |TAMS 0x0000000704600000| PB 0x0000000704600000| Untracked |  0
|  30|0x0000000704800000, 0x0000000704800000, 0x0000000704a00000|  0%| F|  |TAMS 0x0000000704800000| PB 0x0000000704800000| Untracked |  0
|  31|0x0000000704a00000, 0x0000000704a00000, 0x0000000704c00000|  0%| F|  |TAMS 0x0000000704a00000| PB 0x0000000704a00000| Untracked |  0
|  32|0x0000000704c00000, 0x0000000704c00000, 0x0000000704e00000|  0%| F|  |TAMS 0x0000000704c00000| PB 0x0000000704c00000| Untracked |  0
|  33|0x0000000704e00000, 0x0000000704e00000, 0x0000000705000000|  0%| F|  |TAMS 0x0000000704e00000| PB 0x0000000704e00000| Untracked |  0
|  34|0x0000000705000000, 0x0000000705000000, 0x0000000705200000|  0%| F|  |TAMS 0x0000000705000000| PB 0x0000000705000000| Untracked |  0
|  35|0x0000000705200000, 0x0000000705200000, 0x0000000705400000|  0%| F|  |TAMS 0x0000000705200000| PB 0x0000000705200000| Untracked |  0
|  36|0x0000000705400000, 0x0000000705400000, 0x0000000705600000|  0%| F|  |TAMS 0x0000000705400000| PB 0x0000000705400000| Untracked |  0
|  37|0x0000000705600000, 0x0000000705600000, 0x0000000705800000|  0%| F|  |TAMS 0x0000000705600000| PB 0x0000000705600000| Untracked |  0
|  38|0x0000000705800000, 0x0000000705800000, 0x0000000705a00000|  0%| F|  |TAMS 0x0000000705800000| PB 0x0000000705800000| Untracked |  0
|  39|0x0000000705a00000, 0x0000000705a00000, 0x0000000705c00000|  0%| F|  |TAMS 0x0000000705a00000| PB 0x0000000705a00000| Untracked |  0
|  40|0x0000000705c00000, 0x0000000705c00000, 0x0000000705e00000|  0%| F|  |TAMS 0x0000000705c00000| PB 0x0000000705c00000| Untracked |  0
|  41|0x0000000705e00000, 0x0000000705e00000, 0x0000000706000000|  0%| F|  |TAMS 0x0000000705e00000| PB 0x0000000705e00000| Untracked |  0
|  42|0x0000000706000000, 0x0000000706000000, 0x0000000706200000|  0%| F|  |TAMS 0x0000000706000000| PB 0x0000000706000000| Untracked |  0
|  43|0x0000000706200000, 0x0000000706200000, 0x0000000706400000|  0%| F|  |TAMS 0x0000000706200000| PB 0x0000000706200000| Untracked |  0
|  44|0x0000000706400000, 0x0000000706400000, 0x0000000706600000|  0%| F|  |TAMS 0x0000000706400000| PB 0x0000000706400000| Untracked |  0
|  45|0x0000000706600000, 0x0000000706600000, 0x0000000706800000|  0%| F|  |TAMS 0x0000000706600000| PB 0x0000000706600000| Untracked |  0
|  46|0x0000000706800000, 0x0000000706800000, 0x0000000706a00000|  0%| F|  |TAMS 0x0000000706800000| PB 0x0000000706800000| Untracked |  0
|  47|0x0000000706a00000, 0x0000000706a00000, 0x0000000706c00000|  0%| F|  |TAMS 0x0000000706a00000| PB 0x0000000706a00000| Untracked |  0
|  48|0x0000000706c00000, 0x0000000706c00000, 0x0000000706e00000|  0%| F|  |TAMS 0x0000000706c00000| PB 0x0000000706c00000| Untracked |  0
|  49|0x0000000706e00000, 0x0000000706e00000, 0x0000000707000000|  0%| F|  |TAMS 0x0000000706e00000| PB 0x0000000706e00000| Untracked |  0
|  50|0x0000000707000000, 0x0000000707000000, 0x0000000707200000|  0%| F|  |TAMS 0x0000000707000000| PB 0x0000000707000000| Untracked |  0
|  51|0x0000000707200000, 0x0000000707200000, 0x0000000707400000|  0%| F|  |TAMS 0x0000000707200000| PB 0x0000000707200000| Untracked |  0
|  52|0x0000000707400000, 0x0000000707400000, 0x0000000707600000|  0%| F|  |TAMS 0x0000000707400000| PB 0x0000000707400000| Untracked |  0
|  53|0x0000000707600000, 0x0000000707600000, 0x0000000707800000|  0%| F|  |TAMS 0x0000000707600000| PB 0x0000000707600000| Untracked |  0
|  54|0x0000000707800000, 0x0000000707800000, 0x0000000707a00000|  0%| F|  |TAMS 0x0000000707800000| PB 0x0000000707800000| Untracked |  0
|  55|0x0000000707a00000, 0x0000000707a00000, 0x0000000707c00000|  0%| F|  |TAMS 0x0000000707a00000| PB 0x0000000707a00000| Untracked |  0
|  56|0x0000000707c00000, 0x0000000707c00000, 0x0000000707e00000|  0%| F|  |TAMS 0x0000000707c00000| PB 0x0000000707c00000| Untracked |  0
|  57|0x0000000707e00000, 0x0000000707e00000, 0x0000000708000000|  0%| F|  |TAMS 0x0000000707e00000| PB 0x0000000707e00000| Untracked |  0
|  58|0x0000000708000000, 0x0000000708000000, 0x0000000708200000|  0%| F|  |TAMS 0x0000000708000000| PB 0x0000000708000000| Untracked |  0
|  59|0x0000000708200000, 0x0000000708200000, 0x0000000708400000|  0%| F|  |TAMS 0x0000000708200000| PB 0x0000000708200000| Untracked |  0
|  60|0x0000000708400000, 0x0000000708400000, 0x0000000708600000|  0%| F|  |TAMS 0x0000000708400000| PB 0x0000000708400000| Untracked |  0
|  61|0x0000000708600000, 0x0000000708600000, 0x0000000708800000|  0%| F|  |TAMS 0x0000000708600000| PB 0x0000000708600000| Untracked |  0
|  62|0x0000000708800000, 0x0000000708800000, 0x0000000708a00000|  0%| F|  |TAMS 0x0000000708800000| PB 0x0000000708800000| Untracked |  0
|  63|0x0000000708a00000, 0x0000000708a00000, 0x0000000708c00000|  0%| F|  |TAMS 0x0000000708a00000| PB 0x0000000708a00000| Untracked |  0
|  64|0x0000000708c00000, 0x0000000708c00000, 0x0000000708e00000|  0%| F|  |TAMS 0x0000000708c00000| PB 0x0000000708c00000| Untracked |  0
|  65|0x0000000708e00000, 0x0000000708e00000, 0x0000000709000000|  0%| F|  |TAMS 0x0000000708e00000| PB 0x0000000708e00000| Untracked |  0
|  66|0x0000000709000000, 0x0000000709000000, 0x0000000709200000|  0%| F|  |TAMS 0x0000000709000000| PB 0x0000000709000000| Untracked |  0
|  67|0x0000000709200000, 0x0000000709200000, 0x0000000709400000|  0%| F|  |TAMS 0x0000000709200000| PB 0x0000000709200000| Untracked |  0
|  68|0x0000000709400000, 0x0000000709400000, 0x0000000709600000|  0%| F|  |TAMS 0x0000000709400000| PB 0x0000000709400000| Untracked |  0
|  69|0x0000000709600000, 0x0000000709600000, 0x0000000709800000|  0%| F|  |TAMS 0x0000000709600000| PB 0x0000000709600000| Untracked |  0
|  70|0x0000000709800000, 0x0000000709800000, 0x0000000709a00000|  0%| F|  |TAMS 0x0000000709800000| PB 0x0000000709800000| Untracked |  0
|  71|0x0000000709a00000, 0x0000000709a00000, 0x0000000709c00000|  0%| F|  |TAMS 0x0000000709a00000| PB 0x0000000709a00000| Untracked |  0
|  72|0x0000000709c00000, 0x0000000709c00000, 0x0000000709e00000|  0%| F|  |TAMS 0x0000000709c00000| PB 0x0000000709c00000| Untracked |  0
|  73|0x0000000709e00000, 0x0000000709e00000, 0x000000070a000000|  0%| F|  |TAMS 0x0000000709e00000| PB 0x0000000709e00000| Untracked |  0
|  74|0x000000070a000000, 0x000000070a000000, 0x000000070a200000|  0%| F|  |TAMS 0x000000070a000000| PB 0x000000070a000000| Untracked |  0
|  75|0x000000070a200000, 0x000000070a200000, 0x000000070a400000|  0%| F|  |TAMS 0x000000070a200000| PB 0x000000070a200000| Untracked |  0
|  76|0x000000070a400000, 0x000000070a400000, 0x000000070a600000|  0%| F|  |TAMS 0x000000070a400000| PB 0x000000070a400000| Untracked |  0
|  77|0x000000070a600000, 0x000000070a600000, 0x000000070a800000|  0%| F|  |TAMS 0x000000070a600000| PB 0x000000070a600000| Untracked |  0
|  78|0x000000070a800000, 0x000000070a800000, 0x000000070aa00000|  0%| F|  |TAMS 0x000000070a800000| PB 0x000000070a800000| Untracked |  0
|  79|0x000000070aa00000, 0x000000070aa00000, 0x000000070ac00000|  0%| F|  |TAMS 0x000000070aa00000| PB 0x000000070aa00000| Untracked |  0
|  80|0x000000070ac00000, 0x000000070ac00000, 0x000000070ae00000|  0%| F|  |TAMS 0x000000070ac00000| PB 0x000000070ac00000| Untracked |  0
|  81|0x000000070ae00000, 0x000000070ae00000, 0x000000070b000000|  0%| F|  |TAMS 0x000000070ae00000| PB 0x000000070ae00000| Untracked |  0
|  82|0x000000070b000000, 0x000000070b000000, 0x000000070b200000|  0%| F|  |TAMS 0x000000070b000000| PB 0x000000070b000000| Untracked |  0
|  83|0x000000070b200000, 0x000000070b200000, 0x000000070b400000|  0%| F|  |TAMS 0x000000070b200000| PB 0x000000070b200000| Untracked |  0
|  84|0x000000070b400000, 0x000000070b400000, 0x000000070b600000|  0%| F|  |TAMS 0x000000070b400000| PB 0x000000070b400000| Untracked |  0
|  85|0x000000070b600000, 0x000000070b600000, 0x000000070b800000|  0%| F|  |TAMS 0x000000070b600000| PB 0x000000070b600000| Untracked |  0
|  86|0x000000070b800000, 0x000000070b800000, 0x000000070ba00000|  0%| F|  |TAMS 0x000000070b800000| PB 0x000000070b800000| Untracked |  0
|  87|0x000000070ba00000, 0x000000070ba00000, 0x000000070bc00000|  0%| F|  |TAMS 0x000000070ba00000| PB 0x000000070ba00000| Untracked |  0
|  88|0x000000070bc00000, 0x000000070bc00000, 0x000000070be00000|  0%| F|  |TAMS 0x000000070bc00000| PB 0x000000070bc00000| Untracked |  0
|  89|0x000000070be00000, 0x000000070be00000, 0x000000070c000000|  0%| F|  |TAMS 0x000000070be00000| PB 0x000000070be00000| Untracked |  0
|  90|0x000000070c000000, 0x000000070c000000, 0x000000070c200000|  0%| F|  |TAMS 0x000000070c000000| PB 0x000000070c000000| Untracked |  0
|  91|0x000000070c200000, 0x000000070c200000, 0x000000070c400000|  0%| F|  |TAMS 0x000000070c200000| PB 0x000000070c200000| Untracked |  0
|  92|0x000000070c400000, 0x000000070c400000, 0x000000070c600000|  0%| F|  |TAMS 0x000000070c400000| PB 0x000000070c400000| Untracked |  0
|  93|0x000000070c600000, 0x000000070c600000, 0x000000070c800000|  0%| F|  |TAMS 0x000000070c600000| PB 0x000000070c600000| Untracked |  0
|  94|0x000000070c800000, 0x000000070c800000, 0x000000070ca00000|  0%| F|  |TAMS 0x000000070c800000| PB 0x000000070c800000| Untracked |  0
|  95|0x000000070ca00000, 0x000000070ca00000, 0x000000070cc00000|  0%| F|  |TAMS 0x000000070ca00000| PB 0x000000070ca00000| Untracked |  0
|  96|0x000000070cc00000, 0x000000070cc00000, 0x000000070ce00000|  0%| F|  |TAMS 0x000000070cc00000| PB 0x000000070cc00000| Untracked |  0
|  97|0x000000070ce00000, 0x000000070ce00000, 0x000000070d000000|  0%| F|  |TAMS 0x000000070ce00000| PB 0x000000070ce00000| Untracked |  0
|  98|0x000000070d000000, 0x000000070d000000, 0x000000070d200000|  0%| F|  |TAMS 0x000000070d000000| PB 0x000000070d000000| Untracked |  0
|  99|0x000000070d200000, 0x000000070d200000, 0x000000070d400000|  0%| F|  |TAMS 0x000000070d200000| PB 0x000000070d200000| Untracked |  0
| 100|0x000000070d400000, 0x000000070d400000, 0x000000070d600000|  0%| F|  |TAMS 0x000000070d400000| PB 0x000000070d400000| Untracked |  0
| 101|0x000000070d600000, 0x000000070d600000, 0x000000070d800000|  0%| F|  |TAMS 0x000000070d600000| PB 0x000000070d600000| Untracked |  0
| 102|0x000000070d800000, 0x000000070d800000, 0x000000070da00000|  0%| F|  |TAMS 0x000000070d800000| PB 0x000000070d800000| Untracked |  0
| 103|0x000000070da00000, 0x000000070da00000, 0x000000070dc00000|  0%| F|  |TAMS 0x000000070da00000| PB 0x000000070da00000| Untracked |  0
| 104|0x000000070dc00000, 0x000000070dc00000, 0x000000070de00000|  0%| F|  |TAMS 0x000000070dc00000| PB 0x000000070dc00000| Untracked |  0
| 105|0x000000070de00000, 0x000000070de00000, 0x000000070e000000|  0%| F|  |TAMS 0x000000070de00000| PB 0x000000070de00000| Untracked |  0
| 106|0x000000070e000000, 0x000000070e000000, 0x000000070e200000|  0%| F|  |TAMS 0x000000070e000000| PB 0x000000070e000000| Untracked |  0
| 107|0x000000070e200000, 0x000000070e200000, 0x000000070e400000|  0%| F|  |TAMS 0x000000070e200000| PB 0x000000070e200000| Untracked |  0
| 108|0x000000070e400000, 0x000000070e400000, 0x000000070e600000|  0%| F|  |TAMS 0x000000070e400000| PB 0x000000070e400000| Untracked |  0
| 109|0x000000070e600000, 0x000000070e600000, 0x000000070e800000|  0%| F|  |TAMS 0x000000070e600000| PB 0x000000070e600000| Untracked |  0
| 110|0x000000070e800000, 0x000000070e800000, 0x000000070ea00000|  0%| F|  |TAMS 0x000000070e800000| PB 0x000000070e800000| Untracked |  0
| 111|0x000000070ea00000, 0x000000070ea00000, 0x000000070ec00000|  0%| F|  |TAMS 0x000000070ea00000| PB 0x000000070ea00000| Untracked |  0
| 112|0x000000070ec00000, 0x000000070ec00000, 0x000000070ee00000|  0%| F|  |TAMS 0x000000070ec00000| PB 0x000000070ec00000| Untracked |  0
| 113|0x000000070ee00000, 0x000000070ee00000, 0x000000070f000000|  0%| F|  |TAMS 0x000000070ee00000| PB 0x000000070ee00000| Untracked |  0
| 114|0x000000070f000000, 0x000000070f145cd0, 0x000000070f200000| 63%| E|  |TAMS 0x000000070f000000| PB 0x000000070f000000| Complete |  0
| 115|0x000000070f200000, 0x000000070f400000, 0x000000070f400000|100%| E|CS|TAMS 0x000000070f200000| PB 0x000000070f200000| Complete |  0
| 116|0x000000070f400000, 0x000000070f600000, 0x000000070f600000|100%| E|CS|TAMS 0x000000070f400000| PB 0x000000070f400000| Complete |  0
| 117|0x000000070f600000, 0x000000070f800000, 0x000000070f800000|100%| E|CS|TAMS 0x000000070f600000| PB 0x000000070f600000| Complete |  0
| 118|0x000000070f800000, 0x000000070fa00000, 0x000000070fa00000|100%| E|CS|TAMS 0x000000070f800000| PB 0x000000070f800000| Complete |  0
| 119|0x000000070fa00000, 0x000000070fc00000, 0x000000070fc00000|100%| E|CS|TAMS 0x000000070fa00000| PB 0x000000070fa00000| Complete |  0
| 120|0x000000070fc00000, 0x000000070fe00000, 0x000000070fe00000|100%| E|CS|TAMS 0x000000070fc00000| PB 0x000000070fc00000| Complete |  0
| 121|0x000000070fe00000, 0x0000000710000000, 0x0000000710000000|100%| E|CS|TAMS 0x000000070fe00000| PB 0x000000070fe00000| Complete |  0
| 122|0x0000000710000000, 0x0000000710200000, 0x0000000710200000|100%| E|CS|TAMS 0x0000000710000000| PB 0x0000000710000000| Complete |  0
| 123|0x0000000710200000, 0x0000000710400000, 0x0000000710400000|100%| E|CS|TAMS 0x0000000710200000| PB 0x0000000710200000| Complete |  0
| 124|0x0000000710400000, 0x0000000710600000, 0x0000000710600000|100%| E|CS|TAMS 0x0000000710400000| PB 0x0000000710400000| Complete |  0
| 125|0x0000000710600000, 0x0000000710800000, 0x0000000710800000|100%| E|CS|TAMS 0x0000000710600000| PB 0x0000000710600000| Complete |  0
| 126|0x0000000710800000, 0x0000000710a00000, 0x0000000710a00000|100%| E|CS|TAMS 0x0000000710800000| PB 0x0000000710800000| Complete |  0
| 127|0x0000000710a00000, 0x0000000710c00000, 0x0000000710c00000|100%| E|CS|TAMS 0x0000000710a00000| PB 0x0000000710a00000| Complete |  0
|2041|0x00000007ffe00000, 0x00000007fff1c288, 0x0000000800000000| 55%| O|  |TAMS 0x00000007ffe00000| PB 0x00000007ffe00000| Untracked |  0

Card table byte_map: [0x000001609bc00000,0x000001609c400000] _byte_map_base: 0x00000160983fa000

Marking Bits: (CMBitMap*) 0x0000016082afeab0
 Bits: [0x000001609c400000, 0x00000160a03d0000)

Polling page: 0x0000016080f00000

Metaspace:

Usage:
  Non-class:      6.82 MB used.
      Class:    728.02 KB used.
       Both:      7.53 MB used.

Virtual space:
  Non-class space:       64.00 MB reserved,       6.94 MB ( 11%) committed,  1 nodes.
      Class space:        1.00 GB reserved,     832.00 KB ( <1%) committed,  1 nodes.
             Both:        1.06 GB reserved,       7.75 MB ( <1%) committed. 

Chunk freelists:
   Non-Class:  8.90 MB
       Class:  15.19 MB
        Both:  24.09 MB

MaxMetaspaceSize: unlimited
CompressedClassSpaceSize: 1.00 GB
Initial GC threshold: 21.00 MB
Current GC threshold: 21.00 MB
CDS: on
 - commit_granule_bytes: 65536.
 - commit_granule_words: 8192.
 - virtual_space_node_default_size: 8388608.
 - enlarge_chunks_in_place: 1.
UseCompressedClassPointers 1, UseCompactObjectHeaders 0
Narrow klass pointer bits 32, Max shift 3
Narrow klass base: 0x00000160a3000000, Narrow klass shift: 0
Encoding Range: [0x00000160a3000000 - 0x00000161a3000000), (4294967296 bytes)
Klass Range:    [0x00000160a3000000 - 0x00000160e4000000), (1090519040 bytes)
Klass ID Range:  [8 - 1090519033) (1090519025)


Internal statistics:

num_allocs_failed_limit: 0.
num_arena_births: 184.
num_arena_deaths: 0.
num_vsnodes_births: 2.
num_vsnodes_deaths: 0.
num_space_committed: 124.
num_space_uncommitted: 0.
num_chunks_returned_to_freelist: 0.
num_chunks_taken_from_freelist: 253.
num_chunk_merges: 0.
num_chunk_splits: 144.
num_chunks_enlarged: 44.
num_inconsistent_stats: 0.

CodeHeap 'non-profiled nmethods': size=120064Kb used=592Kb max_used=592Kb free=119471Kb
 bounds [0x0000016093a80000, 0x0000016093cf0000, 0x000001609afc0000]
CodeHeap 'profiled nmethods': size=120000Kb used=2424Kb max_used=2424Kb free=117576Kb
 bounds [0x000001608bfc0000, 0x000001608c230000, 0x00000160934f0000]
CodeHeap 'non-nmethods': size=5696Kb used=1324Kb max_used=1379Kb free=4371Kb
 bounds [0x00000160934f0000, 0x0000016093760000, 0x0000016093a80000]
CodeCache: size=245760Kb, used=4340Kb, max_used=4395Kb, free=241418Kb
 total_blobs=2254, nmethods=1758, adapters=402, full_count=0
Compilation: enabled, stopped_count=0, restarted_count=0

Compilation events (20 events):
Event: 0.669 Thread 0x0000016082c36cd0 1753       1       jdk.jfr.internal.PlatformEventType::isEnabled (5 bytes)
Event: 0.669 Thread 0x0000016082c36cd0 nmethod 1753 0x0000016093b10508 code [0x0000016093b10600, 0x0000016093b106c8]
Event: 0.669 Thread 0x0000016082c36cd0 1752       1       jdk.jfr.internal.EventControl::getNamedControls (5 bytes)
Event: 0.669 Thread 0x0000016082c36cd0 nmethod 1752 0x0000016093b10808 code [0x0000016093b10900, 0x0000016093b109c8]
Event: 0.669 Thread 0x0000016082c33d90 nmethod 1727 0x0000016093b10b08 code [0x0000016093b10c60, 0x0000016093b114c8]
Event: 0.669 Thread 0x0000016082c33d90 1743       4       java.lang.StringLatin1::indexOfNonWhitespace (49 bytes)
Event: 0.672 Thread 0x0000016082c33d90 nmethod 1743 0x0000016093b11508 code [0x0000016093b11620, 0x0000016093b118f0]
Event: 0.672 Thread 0x0000016082c33d90 1733       4       java.util.LinkedHashMap::get (29 bytes)
Event: 0.674 Thread 0x0000016082c36cd0 1755       1       jdk.jfr.internal.periodic.EventTask::getEventType (5 bytes)
Event: 0.674 Thread 0x0000016082c36cd0 nmethod 1755 0x0000016093b11988 code [0x0000016093b11a80, 0x0000016093b11b48]
Event: 0.674 Thread 0x0000016082c36cd0 1756       3       java.lang.invoke.InnerClassLambdaMetafactory::methodDesc (45 bytes)
Event: 0.675 Thread 0x00000160a2b93df0 nmethod 1728 0x0000016093b11c88 code [0x0000016093b11e80, 0x0000016093b13998]
Event: 0.676 Thread 0x0000016082c36cd0 nmethod 1756 0x000001608c21b288 code [0x000001608c21b580, 0x000001608c21d2f0]
Event: 0.676 Thread 0x0000016082c36cd0 1758       3       java.util.Comparator$$Lambda/0x00000160a4091d40::compare (10 bytes)
Event: 0.676 Thread 0x0000016082c36cd0 nmethod 1758 0x000001608c21d408 code [0x000001608c21d560, 0x000001608c21d9f0]
Event: 0.676 Thread 0x0000016082c36cd0 1759       3       java.util.Comparator::lambda$comparingLong$6043328a$1 (18 bytes)
Event: 0.676 Thread 0x0000016082c36cd0 nmethod 1759 0x000001608c21da88 code [0x000001608c21dbe0, 0x000001608c21dfd8]
Event: 0.676 Thread 0x0000016082c36cd0 1757       1       jdk.jfr.internal.periodic.PeriodicTask::getPeriod (5 bytes)
Event: 0.676 Thread 0x0000016082c36cd0 nmethod 1757 0x0000016093b13a08 code [0x0000016093b13b00, 0x0000016093b13bc8]
Event: 0.676 Thread 0x0000016082c33d90 nmethod 1733 0x0000016093b13d08 code [0x0000016093b13e40, 0x0000016093b142d8]

GC Heap History (0 events):
No events

Dll operation events (11 events):
Event: 0.055 Loaded shared library C:\Users\wendl\.jdks\openjdk-24.0.1\bin\java.dll
Event: 0.084 Loaded shared library C:\Users\wendl\.jdks\openjdk-24.0.1\bin\jsvml.dll
Event: 0.126 Loaded shared library C:\Users\wendl\.jdks\openjdk-24.0.1\bin\zip.dll
Event: 0.128 Loaded shared library C:\Users\wendl\.jdks\openjdk-24.0.1\bin\instrument.dll
Event: 0.132 Loaded shared library C:\Users\wendl\.jdks\openjdk-24.0.1\bin\net.dll
Event: 0.134 Loaded shared library C:\Users\wendl\.jdks\openjdk-24.0.1\bin\nio.dll
Event: 0.145 Loaded shared library C:\Users\wendl\.jdks\openjdk-24.0.1\bin\zip.dll
Event: 0.191 Loaded shared library C:\Users\wendl\.jdks\openjdk-24.0.1\bin\jimage.dll
Event: 0.268 Loaded shared library C:\Users\wendl\.jdks\openjdk-24.0.1\bin\extnet.dll
Event: 0.279 Loaded shared library C:\Users\wendl\.jdks\openjdk-24.0.1\bin\management.dll
Event: 0.288 Loaded shared library C:\Users\wendl\.jdks\openjdk-24.0.1\bin\management_ext.dll

Deoptimization events (20 events):
Event: 0.559 Thread 0x00000160e99bd390 Uncommon trap: trap_request=0xffffffd6 fr.pc=0x0000016093af36d4 relative=0x00000000000006f4
Event: 0.559 Thread 0x00000160e99bd390 Uncommon trap: reason=array_check action=maybe_recompile pc=0x0000016093af36d4 method=jdk.internal.classfile.impl.SplitConstantPool.internalAdd(Ljava/lang/classfile/constantpool/PoolEntry;I)Ljava/lang/classfile/constantpool/PoolEntry; @ 46 c2
Event: 0.559 Thread 0x00000160e99bd390 DEOPT PACKING pc=0x0000016093af36d4 sp=0x0000004f8e5fdb50
Event: 0.559 Thread 0x00000160e99bd390 DEOPT UNPACKING pc=0x0000016093606382 sp=0x0000004f8e5fdb00 mode 2
Event: 0.559 Thread 0x00000160e99bd390 Uncommon trap: trap_request=0xffffffd6 fr.pc=0x0000016093af36d4 relative=0x00000000000006f4
Event: 0.559 Thread 0x00000160e99bd390 Uncommon trap: reason=array_check action=maybe_recompile pc=0x0000016093af36d4 method=jdk.internal.classfile.impl.SplitConstantPool.internalAdd(Ljava/lang/classfile/constantpool/PoolEntry;I)Ljava/lang/classfile/constantpool/PoolEntry; @ 46 c2
Event: 0.559 Thread 0x00000160e99bd390 DEOPT PACKING pc=0x0000016093af36d4 sp=0x0000004f8e5fdb30
Event: 0.559 Thread 0x00000160e99bd390 DEOPT UNPACKING pc=0x0000016093606382 sp=0x0000004f8e5fdae0 mode 2
Event: 0.560 Thread 0x0000016082f0f630 Uncommon trap: trap_request=0xffffff4d fr.pc=0x0000016093aec088 relative=0x00000000000000e8
Event: 0.560 Thread 0x0000016082f0f630 Uncommon trap: reason=unstable_if action=reinterpret pc=0x0000016093aec088 method=jdk.jfr.internal.Type.getKnownType(Ljava/lang/Class;)Ljdk/jfr/internal/Type; @ 47 c2
Event: 0.560 Thread 0x0000016082f0f630 DEOPT PACKING pc=0x0000016093aec088 sp=0x0000004f8d0fd7c0
Event: 0.560 Thread 0x0000016082f0f630 DEOPT UNPACKING pc=0x0000016093606382 sp=0x0000004f8d0fd768 mode 2
Event: 0.653 Thread 0x0000016082f0f630 Uncommon trap: trap_request=0xffffff4d fr.pc=0x0000016093b0b5c0 relative=0x0000000000000220
Event: 0.653 Thread 0x0000016082f0f630 Uncommon trap: reason=unstable_if action=reinterpret pc=0x0000016093b0b5c0 method=java.io.ByteArrayOutputStream.ensureCapacity(I)V @ 11 c2
Event: 0.653 Thread 0x0000016082f0f630 DEOPT PACKING pc=0x0000016093b0b5c0 sp=0x0000004f8d0fdc30
Event: 0.653 Thread 0x0000016082f0f630 DEOPT UNPACKING pc=0x0000016093606382 sp=0x0000004f8d0fdb78 mode 2
Event: 0.657 Thread 0x0000016082f0f630 Uncommon trap: trap_request=0xffffff4d fr.pc=0x0000016093b0b0e8 relative=0x0000000000000068
Event: 0.657 Thread 0x0000016082f0f630 Uncommon trap: reason=unstable_if action=reinterpret pc=0x0000016093b0b0e8 method=java.io.ByteArrayOutputStream.ensureCapacity(I)V @ 11 c2
Event: 0.657 Thread 0x0000016082f0f630 DEOPT PACKING pc=0x0000016093b0b0e8 sp=0x0000004f8d0fdb30
Event: 0.657 Thread 0x0000016082f0f630 DEOPT UNPACKING pc=0x0000016093606382 sp=0x0000004f8d0fdab0 mode 2

Classes loaded (20 events):
Event: 0.640 Loading class jdk/jfr/internal/MetadataWriter
Event: 0.641 Loading class jdk/jfr/internal/MetadataWriter done
Event: 0.641 Loading class jdk/jfr/internal/MetadataDescriptor$Element
Event: 0.641 Loading class jdk/jfr/internal/MetadataDescriptor$Element done
Event: 0.641 Loading class jdk/jfr/internal/MetadataDescriptor$Attribute
Event: 0.641 Loading class jdk/jfr/internal/MetadataDescriptor$Attribute done
Event: 0.649 Loading class jdk/jfr/internal/consumer/StringParser$Encoding
Event: 0.649 Loading class jdk/jfr/internal/consumer/StringParser$Encoding done
Event: 0.661 Loading class jdk/jfr/internal/consumer/RepositoryFiles
Event: 0.661 Loading class jdk/jfr/internal/consumer/RepositoryFiles done
Event: 0.664 Loading class jdk/jfr/internal/SettingsManager$InternalSetting
Event: 0.664 Loading class jdk/jfr/internal/SettingsManager$InternalSetting done
Event: 0.667 Loading class jdk/jfr/internal/util/Rate
Event: 0.667 Loading class jdk/jfr/internal/util/Rate done
Event: 0.667 Loading class jdk/jfr/internal/util/TimespanUnit
Event: 0.667 Loading class jdk/jfr/internal/util/TimespanUnit done
Event: 0.667 Loading class jdk/jfr/internal/util/ValueParser
Event: 0.667 Loading class jdk/jfr/internal/util/ValueParser done
Event: 0.668 Loading class jdk/jfr/internal/periodic/PeriodicType
Event: 0.668 Loading class jdk/jfr/internal/periodic/PeriodicType done

Classes unloaded (0 events):
No events

Classes redefined (0 events):
No events

Internal exceptions (20 events):
Event: 0.536 Thread 0x00000160e99bd390 Exception <a 'java/lang/NoSuchMethodError'{0x000000070fadb008}: static [B.<clinit>()V> (0x000000070fadb008) 
thrown [s\open\src\hotspot\share\prims\jni.cpp, line 1108]
Event: 0.538 Thread 0x00000160e99bd390 Exception <a 'java/lang/NoSuchMethodError'{0x000000070fadca00}: 'java.lang.Object java.lang.invoke.DirectMethodHandle$Holder.invokeInterface(java.lang.Object, java.lang.Object, java.lang.Object)'> (0x000000070fadca00) 
thrown [s\open\src\hotspot\share\interpreter\linkResolver.cpp, line 805]
Event: 0.544 Thread 0x00000160e9b26770 Exception <a 'java/lang/NoSuchMethodError'{0x000000070f9b80e8}: 'java.lang.Object java.lang.invoke.DirectMethodHandle$Holder.invokeSpecial(java.lang.Object, java.lang.Object, java.lang.Object, java.lang.Object, long)'> (0x000000070f9b80e8) 
thrown [s\open\src\hotspot\share\interpreter\linkResolver.cpp, line 805]
Event: 0.545 Thread 0x00000160e9b26770 Exception <a 'java/lang/NoSuchMethodError'{0x000000070f9c80b0}: 'java.lang.Object java.lang.invoke.Invokers$Holder.linkToTargetMethod(java.lang.Object, long, java.lang.Object)'> (0x000000070f9c80b0) 
thrown [s\open\src\hotspot\share\interpreter\linkResolver.cpp, line 805]
Event: 0.545 Thread 0x00000160e99bd390 Exception <a 'java/lang/ClassNotFoundException'{0x000000070fafcc38}: javax/management/remote/rmi/RMIConnectionImpl_Skel> (0x000000070fafcc38) 
thrown [s\open\src\hotspot\share\classfile\systemDictionary.cpp, line 327]
Event: 0.550 Thread 0x00000160e99bd390 Exception <a 'java/lang/NoSuchMethodError'{0x000000070fb1a720}: 'java.lang.Object java.lang.invoke.DirectMethodHandle$Holder.invokeInterface(java.lang.Object, java.lang.Object)'> (0x000000070fb1a720) 
thrown [s\open\src\hotspot\share\interpreter\linkResolver.cpp, line 805]
Event: 0.557 Thread 0x00000160e99bd390 Exception <a 'java/lang/NoSuchMethodError'{0x000000070f6391f0}: 'int java.lang.invoke.DelegatingMethodHandle$Holder.reinvoke_L(java.lang.Object, java.lang.Object, java.lang.Object, java.lang.Object, java.lang.Object)'> (0x000000070f6391f0) 
thrown [s\open\src\hotspot\share\interpreter\linkResolver.cpp, line 805]
Event: 0.561 Thread 0x00000160e99bd390 Exception <a 'java/lang/NoSuchMethodError'{0x000000070f67c4a8}: 'java.lang.Object java.lang.invoke.DirectMethodHandle$Holder.invokeStatic(java.lang.Object, java.lang.Object, java.lang.Object, java.lang.Object, java.lang.Object, java.lang.Object, java.lang.Object, java.lang.Object)'> (0x000000070f67c4a8) 
thrown [s\open\src\hotspot\share\interpreter\linkResolver.cpp, line 805]
Event: 0.564 Thread 0x00000160e99bd390 Exception <a 'java/lang/NoSuchMethodError'{0x000000070f72f7b8}: 'java.lang.Object java.lang.invoke.DirectMethodHandle$Holder.invokeStatic(java.lang.Object, java.lang.Object, java.lang.Object, java.lang.Object, java.lang.Object, java.lang.Object, java.lang.Object, java.lang.Object, java.lang.Object)'> (0x000000070f72f7b8) 
thrown [s\open\src\hotspot\share\interpreter\linkResolver.cpp, line 805]
Event: 0.566 Thread 0x00000160e99bd390 Exception <a 'java/lang/NoSuchMethodError'{0x000000070f742c68}: 'java.lang.Object java.lang.invoke.Invokers$Holder.invokeExact_MT(java.lang.Object, java.lang.Object, java.lang.Object, java.lang.Object, java.lang.Object, java.lang.Object)'> (0x000000070f742c68) 
thrown [s\open\src\hotspot\share\interpreter\linkResolver.cpp, line 805]
Event: 0.570 Thread 0x00000160e99bd390 Exception <a 'java/lang/NoSuchMethodError'{0x000000070f74e9a8}: 'java.lang.Object java.lang.invoke.DirectMethodHandle$Holder.invokeInterface(java.lang.Object, java.lang.Object, java.lang.Object, java.lang.Object, java.lang.Object)'> (0x000000070f74e9a8) 
thrown [s\open\src\hotspot\share\interpreter\linkResolver.cpp, line 805]
Event: 0.580 Thread 0x00000160e99bd390 Exception <a 'java/lang/NoSuchMethodError'{0x000000070f799370}: 'double java.lang.invoke.DirectMethodHandle$Holder.invokeInterface(java.lang.Object, java.lang.Object)'> (0x000000070f799370) 
thrown [s\open\src\hotspot\share\interpreter\linkResolver.cpp, line 805]
Event: 0.581 Thread 0x00000160e99bd390 Exception <a 'java/lang/NoSuchMethodError'{0x000000070f7a9fe0}: 'double java.lang.invoke.DelegatingMethodHandle$Holder.reinvoke_L(java.lang.Object, java.lang.Object)'> (0x000000070f7a9fe0) 
thrown [s\open\src\hotspot\share\interpreter\linkResolver.cpp, line 805]
Event: 0.622 Thread 0x0000016082f0f630 Exception <a 'java/lang/NoSuchMethodError'{0x000000070f538a70}: 'void java.lang.invoke.DirectMethodHandle$Holder.invokeSpecial(java.lang.Object, java.lang.Object, int)'> (0x000000070f538a70) 
thrown [s\open\src\hotspot\share\interpreter\linkResolver.cpp, line 805]
Event: 0.623 Thread 0x0000016082f0f630 Exception <a 'java/lang/NoSuchMethodError'{0x000000070f540690}: 'void java.lang.invoke.Invokers$Holder.invokeExact_MT(java.lang.Object, int, java.lang.Object)'> (0x000000070f540690) 
thrown [s\open\src\hotspot\share\interpreter\linkResolver.cpp, line 805]
Event: 0.625 Thread 0x0000016082f0f630 Exception <a 'java/lang/NoSuchMethodError'{0x000000070f55ae70}: 'void java.lang.invoke.DirectMethodHandle$Holder.invokeStatic(java.lang.Object, java.lang.Object, int)'> (0x000000070f55ae70) 
thrown [s\open\src\hotspot\share\interpreter\linkResolver.cpp, line 805]
Event: 0.626 Thread 0x0000016082f0f630 Exception <a 'java/lang/NoSuchMethodError'{0x000000070f569d78}: 'java.lang.Object java.lang.invoke.DirectMethodHandle$Holder.newInvokeSpecial(java.lang.Object, java.lang.Object, int)'> (0x000000070f569d78) 
thrown [s\open\src\hotspot\share\interpreter\linkResolver.cpp, line 805]
Event: 0.632 Thread 0x0000016082f0f630 Exception <a 'sun/nio/fs/WindowsException'{0x000000070f59e058}> (0x000000070f59e058) 
thrown [s\open\src\hotspot\share\prims\jni.cpp, line 518]
Event: 0.634 Thread 0x0000016082f0f630 Exception <a 'sun/nio/fs/WindowsException'{0x000000070f5aae30}> (0x000000070f5aae30) 
thrown [s\open\src\hotspot\share\prims\jni.cpp, line 518]
Event: 0.638 Thread 0x0000016082f0f630 Exception <a 'sun/nio/fs/WindowsException'{0x000000070f20f1b8}> (0x000000070f20f1b8) 
thrown [s\open\src\hotspot\share\prims\jni.cpp, line 518]

VM Operations (10 events):
Event: 0.203 Executing VM operation: HandshakeAllThreads (Deoptimize)
Event: 0.211 Executing VM operation: HandshakeAllThreads (Deoptimize) done
Event: 0.495 Executing VM operation: HandshakeAllThreads (Deoptimize)
Event: 0.496 Executing VM operation: HandshakeAllThreads (Deoptimize) done
Event: 0.544 Executing VM operation: HandshakeAllThreads (Deoptimize)
Event: 0.544 Executing VM operation: HandshakeAllThreads (Deoptimize) done
Event: 0.633 Executing VM operation: HandshakeAllThreads (Deoptimize)
Event: 0.633 Executing VM operation: HandshakeAllThreads (Deoptimize) done
Event: 0.661 Executing VM operation: JFRSafepointClear
Event: 0.661 Executing VM operation: JFRSafepointClear done

Memory protections (0 events):
No events

Nmethod flushes (0 events):
No events

Events (18 events):
Event: 0.068 Thread 0x0000016082f0f630 Thread added: 0x0000016082f0f630
Event: 0.079 Thread 0x0000016082f0f630 Thread added: 0x0000016082c27d50
Event: 0.079 Thread 0x0000016082f0f630 Thread added: 0x0000016082c29600
Event: 0.080 Thread 0x0000016082f0f630 Thread added: 0x0000016082c2dd50
Event: 0.080 Thread 0x0000016082f0f630 Thread added: 0x0000016082c2e490
Event: 0.080 Thread 0x0000016082f0f630 Thread added: 0x0000016082c32be0
Event: 0.080 Thread 0x0000016082f0f630 Thread added: 0x0000016082c33320
Event: 0.080 Thread 0x0000016082f0f630 Thread added: 0x0000016082c33d90
Event: 0.080 Thread 0x0000016082f0f630 Thread added: 0x0000016082c36cd0
Event: 0.131 Thread 0x0000016082f0f630 Thread added: 0x00000160a2adc180
Event: 0.180 Thread 0x0000016082f0f630 Thread added: 0x00000160a2b771a0
Event: 0.219 Thread 0x0000016082c36cd0 Thread added: 0x00000160a2b93df0
Event: 0.364 Thread 0x0000016082f0f630 Thread added: 0x00000160e9958d00
Event: 0.501 Thread 0x0000016082c2e490 Thread added: 0x00000160e99966f0
Event: 0.511 Thread 0x00000160e99966f0 Thread added: 0x00000160e99bd390
Event: 0.536 Thread 0x00000160e99bd390 Thread added: 0x00000160e9b16870
Event: 0.542 Thread 0x00000160e99bd390 Thread added: 0x00000160e9b26770
Event: 0.627 Thread 0x0000016082f0f630 Thread added: 0x00000160e9aa3cb0


Dynamic libraries:
0x00007ff610090000 - 0x00007ff61009e000 	C:\Users\wendl\.jdks\openjdk-24.0.1\bin\java.exe
0x00007fffc4ed0000 - 0x00007fffc50c8000 	C:\WINDOWS\SYSTEM32\ntdll.dll
0x00007fffc4dc0000 - 0x00007fffc4e82000 	C:\WINDOWS\System32\KERNEL32.DLL
0x00007fffc2720000 - 0x00007fffc2a1e000 	C:\WINDOWS\System32\KERNELBASE.dll
0x00007fffc2b90000 - 0x00007fffc2c90000 	C:\WINDOWS\System32\ucrtbase.dll
0x00007fffbfbf0000 - 0x00007fffbfc06000 	C:\Users\wendl\.jdks\openjdk-24.0.1\bin\jli.dll
0x00007fffb6bb0000 - 0x00007fffb6bcb000 	C:\Users\wendl\.jdks\openjdk-24.0.1\bin\VCRUNTIME140.dll
0x00007fffc4410000 - 0x00007fffc45ad000 	C:\WINDOWS\System32\USER32.dll
0x00007fffc2ac0000 - 0x00007fffc2ae2000 	C:\WINDOWS\System32\win32u.dll
0x00007fffa4ee0000 - 0x00007fffa517a000 	C:\WINDOWS\WinSxS\amd64_microsoft.windows.common-controls_6595b64144ccf1df_6.0.19041.4355_none_60b8b9eb71f62e16\COMCTL32.dll
0x00007fffc4350000 - 0x00007fffc437b000 	C:\WINDOWS\System32\GDI32.dll
0x00007fffc4d20000 - 0x00007fffc4dbe000 	C:\WINDOWS\System32\msvcrt.dll
0x00007fffc2600000 - 0x00007fffc2717000 	C:\WINDOWS\System32\gdi32full.dll
0x00007fffc2a20000 - 0x00007fffc2abd000 	C:\WINDOWS\System32\msvcp_win.dll
0x00007fffc3000000 - 0x00007fffc302f000 	C:\WINDOWS\System32\IMM32.DLL
0x00007fffbf870000 - 0x00007fffbf87c000 	C:\Users\wendl\.jdks\openjdk-24.0.1\bin\vcruntime140_1.dll
0x00007fffa3490000 - 0x00007fffa351e000 	C:\Users\wendl\.jdks\openjdk-24.0.1\bin\msvcp140.dll
0x00007fff897a0000 - 0x00007fff8a542000 	C:\Users\wendl\.jdks\openjdk-24.0.1\bin\server\jvm.dll
0x00007fffc34c0000 - 0x00007fffc3572000 	C:\WINDOWS\System32\ADVAPI32.dll
0x00007fffc3740000 - 0x00007fffc37e0000 	C:\WINDOWS\System32\sechost.dll
0x00007fffc45b0000 - 0x00007fffc46d3000 	C:\WINDOWS\System32\RPCRT4.dll
0x00007fffc2b60000 - 0x00007fffc2b87000 	C:\WINDOWS\System32\bcrypt.dll
0x00007fffc4c50000 - 0x00007fffc4cbb000 	C:\WINDOWS\System32\WS2_32.dll
0x00007fffc1f80000 - 0x00007fffc1fcb000 	C:\WINDOWS\SYSTEM32\POWRPROF.dll
0x00007fffb8570000 - 0x00007fffb8597000 	C:\WINDOWS\SYSTEM32\WINMM.dll
0x00007fffbc530000 - 0x00007fffbc53a000 	C:\WINDOWS\SYSTEM32\VERSION.dll
0x00007fffc1f30000 - 0x00007fffc1f42000 	C:\WINDOWS\SYSTEM32\UMPDC.dll
0x00007fffc0410000 - 0x00007fffc0422000 	C:\WINDOWS\SYSTEM32\kernel.appcore.dll
0x00007fffbf550000 - 0x00007fffbf55a000 	C:\Users\wendl\.jdks\openjdk-24.0.1\bin\jimage.dll
0x00007fffb7870000 - 0x00007fffb7a54000 	C:\WINDOWS\SYSTEM32\DBGHELP.DLL
0x00007fffb2620000 - 0x00007fffb2654000 	C:\WINDOWS\SYSTEM32\dbgcore.DLL
0x00007fffc2570000 - 0x00007fffc25f2000 	C:\WINDOWS\System32\bcryptPrimitives.dll
0x00007fffb66c0000 - 0x00007fffb66cf000 	C:\Users\wendl\.jdks\openjdk-24.0.1\bin\instrument.dll
0x00007fffb6b30000 - 0x00007fffb6b4e000 	C:\Users\wendl\.jdks\openjdk-24.0.1\bin\java.dll
0x00007fffc3030000 - 0x00007fffc315b000 	C:\WINDOWS\System32\ole32.dll
0x00007fffc3160000 - 0x00007fffc34b3000 	C:\WINDOWS\System32\combase.dll
0x00007fffc3ab0000 - 0x00007fffc421f000 	C:\WINDOWS\System32\SHELL32.dll
0x00007fff8bf90000 - 0x00007fff8c188000 	C:\Users\wendl\AppData\Local\Temp\idea_libasyncProfiler_dll_temp_folder\libasyncProfiler.dll
0x00007fffc0610000 - 0x00007fffc0db4000 	C:\WINDOWS\SYSTEM32\windows.storage.dll
0x00007fffc1f50000 - 0x00007fffc1f7e000 	C:\WINDOWS\SYSTEM32\Wldp.dll
0x00007fffc3670000 - 0x00007fffc373d000 	C:\WINDOWS\System32\OLEAUT32.dll
0x00007fffc2f50000 - 0x00007fffc2ffd000 	C:\WINDOWS\System32\SHCORE.dll
0x00007fffc43a0000 - 0x00007fffc43f5000 	C:\WINDOWS\System32\shlwapi.dll
0x00007fffc24a0000 - 0x00007fffc24c4000 	C:\WINDOWS\SYSTEM32\profapi.dll
0x00007fff90810000 - 0x00007fff908e7000 	C:\Users\wendl\.jdks\openjdk-24.0.1\bin\jsvml.dll
0x00007fffb6950000 - 0x00007fffb6967000 	C:\Users\wendl\.jdks\openjdk-24.0.1\bin\zip.dll
0x00007fffbd570000 - 0x00007fffbd580000 	C:\Users\wendl\.jdks\openjdk-24.0.1\bin\net.dll
0x00007fffc1c30000 - 0x00007fffc1c9a000 	C:\WINDOWS\system32\mswsock.dll
0x00007fffb6970000 - 0x00007fffb6986000 	C:\Users\wendl\.jdks\openjdk-24.0.1\bin\nio.dll
0x00007fffc1950000 - 0x00007fffc1a1a000 	C:\WINDOWS\SYSTEM32\DNSAPI.dll
0x00007fffc1910000 - 0x00007fffc194b000 	C:\WINDOWS\SYSTEM32\IPHLPAPI.DLL
0x00007fffc4390000 - 0x00007fffc4398000 	C:\WINDOWS\System32\NSI.dll
0x00007fffba170000 - 0x00007fffba17a000 	C:\Windows\System32\rasadhlp.dll
0x00007fffbada0000 - 0x00007fffbae20000 	C:\WINDOWS\System32\fwpuclnt.dll
0x00007fffb6ba0000 - 0x00007fffb6ba9000 	C:\Users\wendl\.jdks\openjdk-24.0.1\bin\extnet.dll
0x00007fffb6b20000 - 0x00007fffb6b2a000 	C:\Users\wendl\.jdks\openjdk-24.0.1\bin\management.dll
0x00007fffb66d0000 - 0x00007fffb66db000 	C:\Users\wendl\.jdks\openjdk-24.0.1\bin\management_ext.dll
0x00007fffc4400000 - 0x00007fffc4408000 	C:\WINDOWS\System32\PSAPI.DLL
0x00007fffc1e20000 - 0x00007fffc1e38000 	C:\WINDOWS\SYSTEM32\CRYPTSP.dll
0x00007fffc1550000 - 0x00007fffc1584000 	C:\WINDOWS\system32\rsaenh.dll
0x00007fffc2420000 - 0x00007fffc244e000 	C:\WINDOWS\SYSTEM32\USERENV.dll
0x00007fffc1e40000 - 0x00007fffc1e4c000 	C:\WINDOWS\SYSTEM32\CRYPTBASE.dll
0x00007fff92dd0000 - 0x00007fff92de7000 	C:\WINDOWS\system32\napinsp.dll
0x00007fff7b9b0000 - 0x00007fff7b9cb000 	C:\WINDOWS\system32\pnrpnsp.dll
0x00007fff9a850000 - 0x00007fff9a865000 	C:\WINDOWS\system32\wshbth.dll
0x00007fffbf210000 - 0x00007fffbf22d000 	C:\WINDOWS\system32\NLAapi.dll
0x00007fff7b990000 - 0x00007fff7b9a2000 	C:\WINDOWS\System32\winrnr.dll
0x00007fff9dc20000 - 0x00007fff9dc73000 	C:\WINDOWS\SYSTEM32\pdh.dll

JVMTI agents:
D:\Program Files\JetBrains\IntelliJ IDEA 2025.1.2\lib\idea_rt.jar path:C:\Users\wendl\.jdks\openjdk-24.0.1\bin\instrument.dll, loaded, initialized, instrumentlib options:65289
C:\Users\wendl\AppData\Local\Temp\idea_libasyncProfiler_dll_temp_folder\libasyncProfiler.dll path:C:\Users\wendl\AppData\Local\Temp\idea_libasyncProfiler_dll_temp_folder\libasyncProfiler.dll, loaded, initialized, options:start,jfr,event=wall,interval=10ms,jfrsync=profile,cstack=no,file=C:\Users\wendl\IdeaSnapshots\Main_2025_06_16_203523.jfr,dbghelppath=C:\Users\wendl\AppData\Local\Temp\idea_dbghelp_dll_temp_folder\dbghelp.dll,log=C:\Users\wendl\AppData\Local\Temp\Main_2025_06_16_203523.jfr.log.txt,logLevel=DEBUG

dbghelp: loaded successfully - version: 4.0.5 - missing functions: none
symbol engine: initialized successfully - sym options: 0x614 - pdb path: .;C:\Users\wendl\.jdks\openjdk-24.0.1\bin;C:\WINDOWS\SYSTEM32;C:\WINDOWS\WinSxS\amd64_microsoft.windows.common-controls_6595b64144ccf1df_6.0.19041.4355_none_60b8b9eb71f62e16;C:\Users\wendl\.jdks\openjdk-24.0.1\bin\server;C:\Users\wendl\AppData\Local\Temp\idea_libasyncProfiler_dll_temp_folder

VM Arguments:
jvm_args: -javaagent:D:\Program Files\JetBrains\IntelliJ IDEA 2025.1.2\lib\idea_rt.jar=65289 -agentpath:C:\Users\wendl\AppData\Local\Temp\idea_libasyncProfiler_dll_temp_folder\libasyncProfiler.dll=start,jfr,event=wall,interval=10ms,jfrsync=profile,cstack=no,file=C:\Users\wendl\IdeaSnapshots\Main_2025_06_16_203523.jfr,dbghelppath=C:\Users\wendl\AppData\Local\Temp\idea_dbghelp_dll_temp_folder\dbghelp.dll,log=C:\Users\wendl\AppData\Local\Temp\Main_2025_06_16_203523.jfr.log.txt,logLevel=DEBUG -Dfile.encoding=UTF-8 -Dsun.stdout.encoding=UTF-8 -Dsun.stderr.encoding=UTF-8 
java_command: Main
java_class_path (initial): C:\Users\wendl\IdeaProjects\nossas_receitas\target\classes;C:\Users\wendl\.m2\repository\org\postgresql\postgresql\42.7.3\postgresql-42.7.3.jar;C:\Users\wendl\.m2\repository\org\checkerframework\checker-qual\3.42.0\checker-qual-3.42.0.jar;C:\Users\wendl\.m2\repository\ch\qos\logback\logback-classic\1.5.13\logback-classic-1.5.13.jar;C:\Users\wendl\.m2\repository\ch\qos\logback\logback-core\1.5.13\logback-core-1.5.13.jar;C:\Users\wendl\.m2\repository\org\slf4j\slf4j-api\2.0.12\slf4j-api-2.0.12.jar
Launcher Type: SUN_STANDARD

[Global flags]
     intx CICompilerCount                          = 3                                         {product} {ergonomic}
     uint ConcGCThreads                            = 1                                         {product} {ergonomic}
     bool FlightRecorder                           = true                                      {product} {management}
     uint G1ConcRefinementThreads                  = 4                                         {product} {ergonomic}
   size_t G1HeapRegionSize                         = 2097152                                   {product} {ergonomic}
   size_t InitialHeapSize                          = 268435456                                 {product} {ergonomic}
   size_t MarkStackSize                            = 4194304                                   {product} {ergonomic}
   size_t MarkStackSizeMax                         = 536870912                                 {product} {ergonomic}
   size_t MaxHeapSize                              = 4282384384                                {product} {ergonomic}
   size_t MaxNewSize                               = 2569011200                                {product} {ergonomic}
   size_t MinHeapDeltaBytes                        = 2097152                                   {product} {ergonomic}
   size_t MinHeapSize                              = 8388608                                   {product} {ergonomic}
    uintx NonNMethodCodeHeapSize                   = 5832704                                {pd product} {ergonomic}
    uintx NonProfiledCodeHeapSize                  = 122945536                              {pd product} {ergonomic}
    uintx ProfiledCodeHeapSize                     = 122880000                              {pd product} {ergonomic}
    uintx ReservedCodeCacheSize                    = 251658240                              {pd product} {ergonomic}
     bool SegmentedCodeCache                       = true                                      {product} {ergonomic}
   size_t SoftMaxHeapSize                          = 4282384384                             {manageable} {ergonomic}
     bool UseCompressedOops                        = true                           {product lp64_product} {ergonomic}
     bool UseG1GC                                  = true                                      {product} {ergonomic}
     bool UseLargePagesIndividualAllocation        = false                                  {pd product} {ergonomic}

Logging:
Log output configuration:
 #0: stdout all=warning uptime,level,tags foldmultilines=false
 #1: stderr all=off uptime,level,tags foldmultilines=false

Environment Variables:
PATH=C:\ProgramData\Oracle\Java\javapath;C:\WINDOWS\system32;C:\WINDOWS;C:\WINDOWS\System32\Wbem;C:\WINDOWS\System32\WindowsPowerShell\v1.0\;C:\WINDOWS\System32\OpenSSH\;D:\Program Files\Git\cmd;D:\Program Files\NVIDIA Corporation\NVIDIA app\NvDLISR;C:\Program Files (x86)\NVIDIA Corporation\PhysX\Common;D:\Program Files\MySQL\MySQL Shell 8.0\bin\;C:\Users\wendl\AppData\Local\Microsoft\WindowsApps;C:\Users\wendl\AppData\Local\Programs\Microsoft VS Code\bin;D:\Program Files\JetBrains\IntelliJ IDEA 2025.1.2\bin;
USERNAME=wendl
OS=Windows_NT
PROCESSOR_IDENTIFIER=Intel64 Family 6 Model 158 Stepping 9, GenuineIntel
TMP=C:\Users\wendl\AppData\Local\Temp
TEMP=C:\Users\wendl\AppData\Local\Temp




Periodic native trim disabled

---------------  S Y S T E M  ---------------

OS:
 Windows 10 , 64 bit Build 19041 (10.0.19041.4957)
OS uptime: 5 days 0:47 hours

CPU: total 4 (initial active 4) (4 cores per cpu, 1 threads per core) family 6 model 158 stepping 9 microcode 0xb4, cx8, cmov, fxsr, mmx, 3dnowpref, sse, sse2, sse3, ssse3, sse4.1, sse4.2, popcnt, lzcnt, tsc, tscinvbit, avx, avx2, aes, erms, clmul, bmi1, bmi2, rtm, adx, fma, vzeroupper, clflush, clflushopt, rdtscp, f16c
Processor Information for the first 4 processors :
  Max Mhz: 3408, Current Mhz: 3408, Mhz Limit: 3408

Memory: 4k page, system-wide physical 16333M (8020M free)
TotalPageFile size 21965M (AvailPageFile size 10451M)
current process WorkingSet (physical memory assigned to process): 98M, peak: 98M
current process commit charge ("private bytes"): 388M, peak: 388M

vm_info: OpenJDK 64-Bit Server VM (24.0.1+9-30) for windows-amd64 JRE (24.0.1+9-30), built on 2025-03-05T07:23:45Z with MS VC++ 17.6 (VS2022)

END.
